
SQL*Loader: Release 12.1.0.1.0 - Production on Thu Sep 30 09:19:41 2021

Copyright (c) 1982, 2013, Oracle and/or its affiliates.  All rights reserved.

Control File:   control.ctl
Data File:      .\import_data.txt
  Bad File:     import_data.bad
  Discard File: .\import_data.dis 
 (Allow all discards)

Number to load: ALL
Number to skip: 0
Errors allowed: 50
Bind array:     64 rows, maximum of 256000 bytes
Continuation:    none specified
Path used:      Conventional

Table LAB18, loaded from every logical record.
Insert option in effect for this table: INSERT

   Column Name                  Position   Len  Term Encl Datatype
------------------------------ ---------- ----- ---- ---- ---------------------
ID                                  FIRST     *   ,       CHARACTER            
    SQL string for column : "round(:id, 2)"
TEXT                                 NEXT     *   ,       CHARACTER            
    SQL string for column : "upper(:text)"
DATE_VALUE                           NEXT     *   ,       DATE DD.MM.YYYY      

Record 10: Rejected - Error on table LAB18.
ORA-00001: unique constraint (KAA.SYS_C009987) violated


Table LAB18:
  19 Rows successfully loaded.
  1 Row not loaded due to data errors.
  0 Rows not loaded because all WHEN clauses were failed.
  0 Rows not loaded because all fields were null.


Space allocated for bind array:                  49536 bytes(64 rows)
Read   buffer bytes: 1048576

Total logical records skipped:          0
Total logical records read:            20
Total logical records rejected:         1
Total logical records discarded:        0

Run began on Thu Sep 30 09:19:41 2021
Run ended on Thu Sep 30 09:19:41 2021

Elapsed time was:     00:00:00.08
CPU time was:         00:00:00.02
